<?xml version="1.0" encoding="UTF-8"?>
<!-- Generated by org.testng.reporters.JUnitReportReporter -->
<testsuite hostname="LAPTOP-CED8IJSV" failures="0" tests="1" name="org.tyss.flipkart_webapplication_assingment.AddToCart" time="19.605" errors="0" timestamp="2022-09-19T10:04:42 IST" skipped="0">
  <testcase classname="org.tyss.flipkart_webapplication_assingment.AddToCart" name="addToCart" time="19.605"/>
  <system-out/>
</testsuite> <!-- org.tyss.flipkart_webapplication_assingment.AddToCart -->
