<?xml version="1.0" encoding="UTF-8"?>
<!-- Generated by org.testng.reporters.JUnitReportReporter -->
<testsuite hostname="LAPTOP-CED8IJSV" failures="0" tests="1" name="EndToEndScenario" time="28.475" errors="0" timestamp="2022-09-12T16:11:06 IST" skipped="0">
  <testcase classname="EndToEndScenario" name="endToEndScenario" time="28.475"/>
  <system-out/>
</testsuite> <!-- EndToEndScenario -->
