<?xml version="1.0" encoding="UTF-8"?>
<!-- Generated by org.testng.reporters.JUnitReportReporter -->
<testsuite hostname="LAPTOP-CED8IJSV" name="org.sample_maven.practice.ScriptThreeTest" tests="1" failures="0" timestamp="20 Jul 2022 18:30:22 GMT" time="0.000" errors="0">
  <testcase name="thirdMethod" time="0.000" classname="org.sample_maven.practice.ScriptThreeTest"/>
</testsuite> <!-- org.sample_maven.practice.ScriptThreeTest -->
