<?xml version="1.0" encoding="UTF-8"?>
<!-- Generated by org.testng.reporters.JUnitReportReporter -->
<testsuite hostname="LAPTOP-CED8IJSV" name="org.sample_maven.practice.ScriptFourTest" tests="1" failures="0" timestamp="20 Jul 2022 18:25:32 GMT" time="0.013" errors="0">
  <testcase name="fourthMethod" time="0.013" classname="org.sample_maven.practice.ScriptFourTest"/>
</testsuite> <!-- org.sample_maven.practice.ScriptFourTest -->
