<?xml version="1.0" encoding="UTF-8"?>
<!-- Generated by org.testng.reporters.JUnitReportReporter -->
<testsuite hostname="LAPTOP-CED8IJSV" failures="0" tests="1" name="org.vtiger.Contact.CreateContactTest2" time="12.142" errors="0" timestamp="2022-07-15T13:21:18 IST" skipped="0">
  <testcase classname="org.vtiger.Contact.CreateContactTest2" name="createContactTest" time="12.142"/>
  <system-out/>
</testsuite> <!-- org.vtiger.Contact.CreateContactTest2 -->
