<?xml version="1.0" encoding="UTF-8"?>
<!-- Generated by org.testng.reporters.JUnitReportReporter -->
<testsuite hostname="LAPTOP-CED8IJSV" failures="0" tests="1" name="org.vtiger.Practise.FeboniciiRange" time="10.826" errors="0" timestamp="2022-08-25T14:36:53 IST" skipped="0">
  <testcase classname="org.vtiger.Practise.FeboniciiRange" name="feboniciiRange" time="10.826"/>
  <system-out/>
</testsuite> <!-- org.vtiger.Practise.FeboniciiRange -->
