<?xml version="1.0" encoding="UTF-8"?>
<!-- Generated by org.testng.reporters.JUnitReportReporter -->
<testsuite hostname="LAPTOP-CED8IJSV" failures="0" tests="2" name="org.vtiger.Practise.PracticeAllure" time="11.073" errors="0" timestamp="2022-08-02T11:59:56 IST" skipped="0">
  <testcase classname="org.vtiger.Practise.PracticeAllure" name="practiceAllure2Test" time="4.918"/>
  <system-out/>
  <testcase classname="org.vtiger.Practise.PracticeAllure" name="practiceAllure1Test" time="6.155"/>
  <system-out/>
</testsuite> <!-- org.vtiger.Practise.PracticeAllure -->
