<?xml version="1.0" encoding="UTF-8"?>
<!-- Generated by org.testng.reporters.JUnitReportReporter -->
<testsuite hostname="LAPTOP-CED8IJSV" failures="0" tests="1" name="org.vtiger.Practise.PracticeReportTest" time="12.038" errors="0" timestamp="2022-07-28T17:10:49 IST" skipped="0">
  <testcase classname="org.vtiger.Practise.PracticeReportTest" name="practiceReportTest" time="12.038"/>
  <system-out/>
</testsuite> <!-- org.vtiger.Practise.PracticeReportTest -->
