<?xml version="1.0" encoding="UTF-8"?>
<!-- Generated by org.testng.reporters.JUnitReportReporter -->
<testsuite hostname="LAPTOP-CED8IJSV" failures="0" tests="1" name="org.vtiger.documents.ACreateDocumentTest" time="11.418" errors="0" timestamp="2022-07-16T17:03:21 IST" skipped="0">
  <testcase classname="org.vtiger.documents.ACreateDocumentTest" name="createDocumentTest" time="11.418"/>
  <system-out/>
</testsuite> <!-- org.vtiger.documents.ACreateDocumentTest -->
