<?xml version="1.0" encoding="UTF-8"?>
<!-- Generated by org.testng.reporters.JUnitReportReporter -->
<testsuite hostname="LAPTOP-CED8IJSV" failures="0" tests="1" name="org.vtiger.Contact.CreateContactWithOrganizationTest" time="29.155" errors="0" timestamp="2022-07-27T17:57:04 IST" skipped="0">
  <testcase classname="org.vtiger.Contact.CreateContactWithOrganizationTest" name="reateContactWithOrganizationTest" time="29.155"/>
  <system-out/>
</testsuite> <!-- org.vtiger.Contact.CreateContactWithOrganizationTest -->
