<?xml version="1.0" encoding="UTF-8"?>
<!-- Generated by org.testng.reporters.JUnitReportReporter -->
<testsuite hostname="LAPTOP-CED8IJSV" failures="0" tests="1" name="GmailApplication" time="40.645" errors="0" timestamp="2022-08-21T22:54:37 IST" skipped="0">
  <testcase classname="GmailApplication" name="gmailApplication" time="40.645"/>
  <system-out/>
</testsuite> <!-- GmailApplication -->
