<?xml version="1.0" encoding="UTF-8"?>
<!-- Generated by org.testng.reporters.JUnitReportReporter -->
<testsuite hostname="LAPTOP-CED8IJSV" failures="0" tests="1" name="ClickOnNotificationMsg" time="21.206" errors="0" timestamp="2022-08-20T12:47:57 IST" skipped="0">
  <testcase classname="ClickOnNotificationMsg" name="ClickOnNotificationMsg" time="21.206"/>
  <system-out/>
</testsuite> <!-- ClickOnNotificationMsg -->
