<?xml version="1.0" encoding="UTF-8"?>
<!-- Generated by org.testng.reporters.JUnitReportReporter -->
<testsuite hostname="LAPTOP-CED8IJSV" failures="0" tests="1" name="practice.PracticeSwipeAction" time="18.845" errors="0" timestamp="2022-08-22T16:18:03 IST" skipped="0">
  <testcase classname="practice.PracticeSwipeAction" name="practiceSwipeAction" time="18.845"/>
  <system-out/>
</testsuite> <!-- practice.PracticeSwipeAction -->
