<?xml version="1.0" encoding="UTF-8"?>
<!-- Generated by org.testng.reporters.JUnitReportReporter -->
<testsuite hostname="LAPTOP-CED8IJSV" failures="0" tests="1" name="ScrollUpExample" time="44.989" errors="0" timestamp="2022-09-08T15:26:00 IST" skipped="0">
  <testcase classname="ScrollUpExample" name="scrollUpExample" time="44.989"/>
  <system-out/>
</testsuite> <!-- ScrollUpExample -->
