<?xml version="1.0" encoding="UTF-8"?>
<!-- Generated by org.testng.reporters.JUnitReportReporter -->
<testsuite hostname="LAPTOP-CED8IJSV" failures="0" tests="1" name="practice.PrintTheTwoDuplicateWords" time="0.014" errors="0" timestamp="2022-09-01T15:44:29 IST" skipped="0">
  <testcase classname="practice.PrintTheTwoDuplicateWords" name="printTheTwoDuplicateWords" time="0.014"/>
  <system-out/>
</testsuite> <!-- practice.PrintTheTwoDuplicateWords -->
