<?xml version="1.0" encoding="UTF-8"?>
<!-- Generated by org.testng.reporters.JUnitReportReporter -->
<testsuite hostname="LAPTOP-CED8IJSV" failures="0" tests="1" name="stringPrograms.StringArrayFindingVowels" time="0.012" errors="0" timestamp="2022-09-13T12:42:48 IST" skipped="0">
  <testcase classname="stringPrograms.StringArrayFindingVowels" name="StringArrayFindingVowels" time="0.012"/>
  <system-out/>
</testsuite> <!-- stringPrograms.StringArrayFindingVowels -->
