<?xml version="1.0" encoding="UTF-8"?>
<!-- Generated by org.testng.reporters.JUnitReportReporter -->
<testsuite hostname="LAPTOP-CED8IJSV" failures="0" tests="3" name="practice.CountNumberOfVowel" time="0.017" errors="0" timestamp="2022-09-02T10:57:53 IST" skipped="0">
  <testcase classname="practice.CountNumberOfVowel" name="countNumberOfVowel" time="0.013"/>
  <system-out/>
  <testcase classname="practice.CountNumberOfVowel" name="printVowel" time="0.002"/>
  <system-out/>
  <testcase classname="practice.CountNumberOfVowel" name="countVowelAndRemoveDuplicate" time="0.002"/>
  <system-out/>
</testsuite> <!-- practice.CountNumberOfVowel -->
