<?xml version="1.0" encoding="UTF-8"?>
<!-- Generated by org.testng.reporters.JUnitReportReporter -->
<testsuite hostname="LAPTOP-CED8IJSV" failures="0" tests="1" name="stringPrograms.StringArrayFindingVowelSecondRemoveDuplicate" time="0.013" errors="0" timestamp="2022-09-15T07:47:42 IST" skipped="0">
  <testcase classname="stringPrograms.StringArrayFindingVowelSecondRemoveDuplicate" name="stringArrayFindingVowelSecondRemoveDuplicate" time="0.013"/>
  <system-out/>
</testsuite> <!-- stringPrograms.StringArrayFindingVowelSecondRemoveDuplicate -->
