<?xml version="1.0" encoding="UTF-8"?>
<!-- Generated by org.testng.reporters.JUnitReportReporter -->
<testsuite hostname="LAPTOP-CED8IJSV" failures="0" tests="1" name="GmailApplication2" time="39.555" errors="0" timestamp="2022-08-22T00:52:35 IST" skipped="0">
  <testcase classname="GmailApplication2" name="gmailApplication2" time="39.555"/>
  <system-out/>
</testsuite> <!-- GmailApplication2 -->
