<?xml version="1.0" encoding="UTF-8"?>
<!-- Generated by org.testng.reporters.JUnitReportReporter -->
<testsuite hostname="LAPTOP-CED8IJSV" failures="0" tests="1" name="complex_Logical_Program.AddEachDigitInNumber" time="0.013" errors="0" timestamp="2022-09-13T11:20:19 IST" skipped="0">
  <testcase classname="complex_Logical_Program.AddEachDigitInNumber" name="addEachDigitInNumber" time="0.013"/>
  <system-out/>
</testsuite> <!-- complex_Logical_Program.AddEachDigitInNumber -->
