<?xml version="1.0" encoding="UTF-8"?>
<!-- Generated by org.testng.reporters.JUnitReportReporter -->
<testsuite hostname="LAPTOP-CED8IJSV" failures="0" tests="1" name="GmailApplication3" time="40.464" errors="0" timestamp="2022-08-22T05:57:57 IST" skipped="0">
  <testcase classname="GmailApplication3" name="gmailApplication3" time="40.464"/>
  <system-out/>
</testsuite> <!-- GmailApplication3 -->
