<?xml version="1.0" encoding="UTF-8"?>
<!-- Generated by org.testng.reporters.JUnitReportReporter -->
<testsuite hostname="LAPTOP-CED8IJSV" failures="0" tests="1" name="KeyAction" time="25.184" errors="0" timestamp="2022-08-20T12:18:31 IST" skipped="0">
  <testcase classname="KeyAction" name="keayAction" time="25.184"/>
  <system-out/>
</testsuite> <!-- KeyAction -->
