<?xml version="1.0" encoding="UTF-8"?>
<!-- Generated by org.testng.reporters.JUnitReportReporter -->
<testsuite hostname="LAPTOP-CED8IJSV" failures="0" tests="1" name="practice.VowelsInString" time="0.012" errors="0" timestamp="2022-09-01T10:58:21 IST" skipped="0">
  <testcase classname="practice.VowelsInString" name="vowelsInString" time="0.012"/>
  <system-out/>
</testsuite> <!-- practice.VowelsInString -->
