<?xml version="1.0" encoding="UTF-8"?>
<!-- Generated by org.testng.reporters.JUnitReportReporter -->
<testsuite hostname="LAPTOP-CED8IJSV" failures="0" tests="1" name="practice.EndToEndScenarioBig" time="42.053" errors="0" timestamp="2022-08-25T10:54:11 IST" skipped="0">
  <testcase classname="practice.EndToEndScenarioBig" name="endToEndScenarioBig" time="42.053"/>
  <system-out/>
</testsuite> <!-- practice.EndToEndScenarioBig -->
