<?xml version="1.0" encoding="UTF-8"?>
<!-- Generated by org.testng.reporters.JUnitReportReporter -->
<testsuite hostname="LAPTOP-CED8IJSV" failures="0" tests="1" name="practice.InstallTouchScreenScaleApp" time="16.520" errors="0" timestamp="2022-08-21T00:31:23 IST" skipped="0">
  <testcase classname="practice.InstallTouchScreenScaleApp" name="installTouchScreenScaleApp" time="16.520"/>
  <system-out/>
</testsuite> <!-- practice.InstallTouchScreenScaleApp -->
