<?xml version="1.0" encoding="UTF-8"?>
<!-- Generated by org.testng.reporters.JUnitReportReporter -->
<testsuite hostname="LAPTOP-CED8IJSV" failures="0" tests="1" name="AutomatingWebViewApplication" time="20.548" errors="0" timestamp="2022-08-20T13:06:29 IST" skipped="0">
  <testcase classname="AutomatingWebViewApplication" name="automatingWebViewApplication" time="20.548"/>
  <system-out/>
</testsuite> <!-- AutomatingWebViewApplication -->
