<?xml version="1.0" encoding="UTF-8"?>
<!-- Generated by org.testng.reporters.JUnitReportReporter -->
<testsuite hostname="LAPTOP-CED8IJSV" failures="0" tests="1" name="practice.ZoomOutAndPinch" time="16.500" errors="0" timestamp="2022-08-22T17:23:19 IST" skipped="0">
  <testcase classname="practice.ZoomOutAndPinch" name="zoomOutAndPinch" time="16.500"/>
  <system-out/>
</testsuite> <!-- practice.ZoomOutAndPinch -->
