<?xml version="1.0" encoding="UTF-8"?>
<!-- Generated by org.testng.reporters.JUnitReportReporter -->
<testsuite hostname="LAPTOP-CED8IJSV" failures="0" tests="3" name="org.hms.practise.DataProviderPractice" time="20.633" errors="0" timestamp="2022-07-15T00:06:15 IST" skipped="0">
  <testcase classname="org.hms.practise.DataProviderPractice" name="dataProviderPractice" time="6.424"/>
  <system-out/>
  <testcase classname="org.hms.practise.DataProviderPractice" name="dataProviderPractice" time="6.618"/>
  <system-out/>
  <testcase classname="org.hms.practise.DataProviderPractice" name="dataProviderPractice" time="7.591"/>
  <system-out/>
</testsuite> <!-- org.hms.practise.DataProviderPractice -->
