<?xml version="1.0" encoding="UTF-8"?>
<!-- Generated by org.testng.reporters.JUnitReportReporter -->
<testsuite hostname="LAPTOP-CED8IJSV" failures="0" tests="3" name="org.hms.practise.PractiseTestNgTest" time="0.020" errors="0" timestamp="2022-07-12T15:07:30 IST" skipped="0">
  <testcase classname="org.hms.practise.PractiseTestNgTest" name="practise1" time="0.011"/>
  <system-out>
    <![CDATA[Gokul Sandel Soap]]>
  </system-out>
  <testcase classname="org.hms.practise.PractiseTestNgTest" name="practise2" time="0.005"/>
  <system-out>
    <![CDATA[Gokul]]>
  </system-out>
  <testcase classname="org.hms.practise.PractiseTestNgTest" name="practise" time="0.004"/>
  <system-out>
    <![CDATA[Raj Gopal]]>
  </system-out>
</testsuite> <!-- org.hms.practise.PractiseTestNgTest -->
