<?xml version="1.0" encoding="UTF-8"?>
<!-- Generated by org.testng.reporters.JUnitReportReporter -->
<testsuite hostname="LAPTOP-CED8IJSV" failures="0" tests="1" name="org.tyss.flipkart_mobileApplication.AddToCartMobileApp" time="132.680" errors="0" timestamp="2022-09-19T11:32:02 IST" skipped="0">
  <testcase classname="org.tyss.flipkart_mobileApplication.AddToCartMobileApp" name="addToCartMobileApp" time="132.680"/>
  <system-out/>
</testsuite> <!-- org.tyss.flipkart_mobileApplication.AddToCartMobileApp -->
