<?xml version="1.0" encoding="UTF-8"?>
<!-- Generated by org.testng.reporters.JUnitReportReporter -->
<testsuite hostname="LAPTOP-CED8IJSV" failures="0" tests="1" name="SriMandir_project" time="16.107" errors="0" timestamp="2022-09-19T13:09:05 IST" skipped="0">
  <testcase classname="SriMandir_project" name="sriMandir_project" time="16.107"/>
  <system-out/>
</testsuite> <!-- SriMandir_project -->
